<?xml version="1.0" encoding="UTF-8"?>
<testsuite name="com.employeepayrollservicetest.EmployeePayrollServiceTest" tests="1" skipped="0" failures="0" errors="0" timestamp="2021-04-09T04:49:48" hostname="DESKTOP-GFV8CMG" time="0.248">
  <properties/>
  <testcase name="givenEmployeePayrollInDB_WhenRetrieved_ShouldMatchEmployeeCount()" classname="com.employeepayrollservicetest.EmployeePayrollServiceTest" time="0.248"/>
  <system-out><![CDATA[Connecting to database:jdbc:mysql://localhost:3306/payroll_service?useSSL=false
Connection is Successful!!!!!!!com.mysql.cj.jdbc.ConnectionImpl@59a52b3a
]]></system-out>
  <system-err><![CDATA[]]></system-err>
</testsuite>
