<?xml version="1.0" encoding="UTF-8"?>
<testsuite name="com.employeepayrollservicetest.EmployeePayrollServiceTest" tests="1" skipped="0" failures="0" errors="0" timestamp="2021-04-14T15:03:22" hostname="DESKTOP-GFV8CMG" time="1.485">
  <properties/>
  <testcase name="givenNewSalaryForEmployee_WhenUpdated_ShouldSyncWithDB()" classname="com.employeepayrollservicetest.EmployeePayrollServiceTest" time="1.485"/>
  <system-out><![CDATA[Connecting to database:jdbc:mysql://localhost:3306/payroll_service?useSSL=false
Connection is successful!com.mysql.cj.jdbc.ConnectionImpl@449b94ea
Connecting to database:jdbc:mysql://localhost:3306/payroll_service?useSSL=false
Connection is successful!com.mysql.cj.jdbc.ConnectionImpl@515b087
Connecting to database:jdbc:mysql://localhost:3306/payroll_service?useSSL=false
Connection is successful!com.mysql.cj.jdbc.ConnectionImpl@59adb6c5
]]></system-out>
  <system-err><![CDATA[]]></system-err>
</testsuite>
